<?xml version="1.0" encoding="UTF-8"?>
<!-- Generated by org.testng.reporters.JUnitReportReporter -->
<testsuite hostname="DESKTOP-1HP5QV0" failures="0" tests="1" name="practice.GetCSSValue" time="23.575" errors="0" timestamp="2023-03-01T18:48:07 IST" skipped="0">
  <testcase classname="practice.GetCSSValue" name="getCssValue" time="23.575"/>
  <system-out/>
</testsuite> <!-- practice.GetCSSValue -->
