<?xml version="1.0" encoding="UTF-8"?>
<!-- Generated by org.testng.reporters.JUnitReportReporter -->
<testsuite hostname="DESKTOP-1HP5QV0" failures="0" tests="1" name="practice.PrimeNumber" time="0.020" errors="0" timestamp="2023-03-03T11:59:27 IST" skipped="0">
  <testcase classname="practice.PrimeNumber" name="checkPrimeNumber" time="0.020"/>
  <system-out/>
</testsuite> <!-- practice.PrimeNumber -->
