<?xml version="1.0" encoding="UTF-8"?>
<!-- Generated by org.testng.reporters.JUnitReportReporter -->
<testsuite hostname="DESKTOP-1HP5QV0" failures="0" tests="1" name="assignment1.Flight_Booking" time="52.156" errors="0" timestamp="2023-03-08T10:27:30 IST" skipped="0">
  <testcase classname="assignment1.Flight_Booking" name="book_Spicejet_com" time="52.156"/>
  <system-out/>
</testsuite> <!-- assignment1.Flight_Booking -->
