<?xml version="1.0" encoding="UTF-8"?>
<!-- Generated by org.testng.reporters.JUnitReportReporter -->
<testsuite hostname="DESKTOP-1HP5QV0" failures="0" tests="1" name="practice.DropDownHandleing" time="8.101" errors="0" timestamp="2023-03-06T10:34:07 IST" skipped="0">
  <testcase classname="practice.DropDownHandleing" name="testDropDown" time="8.101"/>
  <system-out/>
</testsuite> <!-- practice.DropDownHandleing -->
