<?xml version="1.0" encoding="UTF-8"?>
<!-- Generated by org.testng.reporters.JUnitReportReporter -->
<testsuite hostname="DESKTOP-1HP5QV0" failures="0" tests="1" name="practice.Links" time="40.744" errors="0" timestamp="2023-03-10T21:05:14 IST" skipped="0">
  <testcase classname="practice.Links" name="testLinks" time="40.744"/>
  <system-out/>
</testsuite> <!-- practice.Links -->
