<?xml version="1.0" encoding="UTF-8"?>
<!-- Generated by org.testng.reporters.JUnitReportReporter -->
<testsuite hostname="DESKTOP-1HP5QV0" failures="0" tests="1" name="practice.PPP" time="0.020" errors="0" timestamp="2023-03-11T10:42:53 IST" skipped="0">
  <testcase classname="practice.PPP" name="randomString" time="0.020"/>
  <system-out/>
</testsuite> <!-- practice.PPP -->
