<?xml version="1.0" encoding="UTF-8"?>
<!-- Generated by org.testng.reporters.JUnitReportReporter -->
<testsuite hostname="DESKTOP-1HP5QV0" failures="0" tests="1" name="practice.Febonacci" time="0.025" errors="0" timestamp="2023-03-15T21:10:09 IST" skipped="0">
  <testcase classname="practice.Febonacci" name="concatString" time="0.025"/>
  <system-out/>
</testsuite> <!-- practice.Febonacci -->
