<?xml version="1.0" encoding="UTF-8"?>
<!-- Generated by org.testng.reporters.JUnitReportReporter -->
<testsuite hostname="DESKTOP-1HP5QV0" failures="0" tests="1" name="practice.ArrayToArryalist" time="0.029" errors="0" timestamp="2023-03-03T11:37:14 IST" skipped="0">
  <testcase classname="practice.ArrayToArryalist" name="findMaximumNumberFromArray" time="0.029"/>
  <system-out/>
</testsuite> <!-- practice.ArrayToArryalist -->
