<?xml version="1.0" encoding="UTF-8"?>
<!-- Generated by org.testng.reporters.JUnitReportReporter -->
<testsuite hostname="DESKTOP-1HP5QV0" failures="0" tests="1" name="practice.AllPracticedelete" time="0.020" errors="0" timestamp="2023-03-19T19:50:30 IST" skipped="0">
  <testcase classname="practice.AllPracticedelete" name="pallindromeNumber" time="0.020"/>
  <system-out/>
</testsuite> <!-- practice.AllPracticedelete -->
