<?xml version="1.0" encoding="UTF-8"?>
<!-- Generated by org.testng.reporters.JUnitReportReporter -->
<testsuite hostname="DESKTOP-1HP5QV0" failures="0" tests="1" name="practice.BackForwardRefresh" time="101.136" errors="0" timestamp="2023-03-03T20:48:45 IST" skipped="0">
  <testcase classname="practice.BackForwardRefresh" name="getCssValue" time="101.136"/>
  <system-out/>
</testsuite> <!-- practice.BackForwardRefresh -->
