<?xml version="1.0" encoding="UTF-8"?>
<!-- Generated by org.testng.reporters.JUnitReportReporter -->
<testsuite hostname="DESKTOP-1HP5QV0" failures="0" tests="1" name="practice.PallindromeNumber" time="0.021" errors="0" timestamp="2023-03-03T12:11:24 IST" skipped="0">
  <testcase classname="practice.PallindromeNumber" name="testPallindromeNumber" time="0.021"/>
  <system-out/>
</testsuite> <!-- practice.PallindromeNumber -->
